
Sep 17, 2019 07:38:40.17 NEW SESSION
Sep 17, 2019 07:38:40.17 [0917/073840.172:ERROR:process_reader_win.cc(151)] SuspendThread: Access is denied. (0x5)
Sep 17, 2019 07:38:40.17 [0917/073840.173:ERROR:process_reader_win.cc(151)] SuspendThread: Access is denied. (0x5)

Sep 17, 2019 10:18:21.04 NEW SESSION
Sep 17, 2019 10:18:21.04 [4616:5932:0917/101821.044:ERROR:CONSOLE(32)] "Blocked autofocusing on a form control in a cross-origin subframe.", source: https://hp.myway.com/propdfconverter/ttab02chr/index.html?p2=%5ECRB%5Exdm171%5ETTAB02%5Ein&n=784951ea&st=tab&ptb=5F9CAB71-2D96-4CB2-8BB7-0E81160AB971&si=subid3&cwsid=pcmniihfmagioiohkgpenobechoemjpk (32)
Sep 17, 2019 10:18:21.09 [4616:5932:0917/101821.092:ERROR:CONSOLE(0)] "Blocked autofocusing on a form control in a cross-origin subframe.", source: https://hp.myway.com/propdfconverter/ttab02chr/index.html?p2=%5ECRB%5Exdm171%5ETTAB02%5Ein&n=784951ea&st=tab&ptb=5F9CAB71-2D96-4CB2-8BB7-0E81160AB971&si=subid3&cwsid=pcmniihfmagioiohkgpenobechoemjpk (0)
Sep 17, 2019 10:18:21.09 [4616:5932:0917/101821.093:ERROR:CONSOLE(0)] "Blocked autofocusing on a form control in a cross-origin subframe.", source: https://hp.myway.com/propdfconverter/ttab02chr/index.html?p2=%5ECRB%5Exdm171%5ETTAB02%5Ein&n=784951ea&st=tab&ptb=5F9CAB71-2D96-4CB2-8BB7-0E81160AB971&si=subid3&cwsid=pcmniihfmagioiohkgpenobechoemjpk (0)
Sep 17, 2019 10:18:21.12 [4616:5932:0917/101821.127:ERROR:CONSOLE(0)] "Blocked autofocusing on a form control in a cross-origin subframe.", source: https://hp.myway.com/propdfconverter/ttab02chr/index.html?p2=%5ECRB%5Exdm171%5ETTAB02%5Ein&n=784951ea&st=tab&ptb=5F9CAB71-2D96-4CB2-8BB7-0E81160AB971&si=subid3&cwsid=pcmniihfmagioiohkgpenobechoemjpk (0)
Sep 17, 2019 11:03:54.32 [4616:5452:0917/110354.321:ERROR:socket_stream.cc(219)] Closing stream with result -2
Sep 17, 2019 11:04:15.37 [4616:5452:0917/110415.376:ERROR:connection_factory_impl.cc(418)] Failed to connect to MCS endpoint with error -118
Sep 17, 2019 11:04:58.48 [4616:5452:0917/110458.480:ERROR:connection_factory_impl.cc(418)] Failed to connect to MCS endpoint with error -118
Sep 17, 2019 11:36:24.71 [4616:5452:0917/113624.717:ERROR:socket_stream.cc(219)] Closing stream with result -2
Sep 17, 2019 11:36:24.71 [4616:5452:0917/113624.717:ERROR:connection_factory_impl.cc(418)] Failed to connect to MCS endpoint with error -21
Sep 17, 2019 11:36:27.78 [4616:5452:0917/113627.781:ERROR:connection_factory_impl.cc(418)] Failed to connect to MCS endpoint with error -21
Sep 17, 2019 11:47:56.66 [7136:4684:0917/114756.661:ERROR:socket_stream.cc(219)] Closing stream with result -2
Sep 17, 2019 12:13:40.40 [7136:4684:0917/121340.397:ERROR:connection_factory_impl.cc(418)] Failed to connect to MCS endpoint with error -106
Sep 17, 2019 12:37:13.15 [7136:2016:0917/123713.155:ERROR:CONSOLE(32)] "Blocked autofocusing on a form control in a cross-origin subframe.", source: https://hp.myway.com/propdfconverter/ttab02chr/index.html?p2=%5ECRB%5Exdm171%5ETTAB02%5Ein&n=784951ea&st=tab&ptb=5F9CAB71-2D96-4CB2-8BB7-0E81160AB971&si=subid3&cwsid=pcmniihfmagioiohkgpenobechoemjpk (32)
Sep 17, 2019 12:37:13.21 [7136:2016:0917/123713.210:ERROR:CONSOLE(0)] "Blocked autofocusing on a form control in a cross-origin subframe.", source: https://hp.myway.com/propdfconverter/ttab02chr/index.html?p2=%5ECRB%5Exdm171%5ETTAB02%5Ein&n=784951ea&st=tab&ptb=5F9CAB71-2D96-4CB2-8BB7-0E81160AB971&si=subid3&cwsid=pcmniihfmagioiohkgpenobechoemjpk (0)
Sep 17, 2019 12:37:13.21 [7136:2016:0917/123713.210:ERROR:CONSOLE(0)] "Blocked autofocusing on a form control in a cross-origin subframe.", source: https://hp.myway.com/propdfconverter/ttab02chr/index.html?p2=%5ECRB%5Exdm171%5ETTAB02%5Ein&n=784951ea&st=tab&ptb=5F9CAB71-2D96-4CB2-8BB7-0E81160AB971&si=subid3&cwsid=pcmniihfmagioiohkgpenobechoemjpk (0)
Sep 17, 2019 12:37:13.21 [7136:2016:0917/123713.210:ERROR:CONSOLE(0)] "Blocked autofocusing on a form control in a cross-origin subframe.", source: https://hp.myway.com/propdfconverter/ttab02chr/index.html?p2=%5ECRB%5Exdm171%5ETTAB02%5Ein&n=784951ea&st=tab&ptb=5F9CAB71-2D96-4CB2-8BB7-0E81160AB971&si=subid3&cwsid=pcmniihfmagioiohkgpenobechoemjpk (0)
Sep 17, 2019 14:31:12.59 [7136:2016:0917/143112.592:ERROR:CONSOLE(32)] "Blocked autofocusing on a form control in a cross-origin subframe.", source: https://hp.myway.com/propdfconverter/ttab02chr/index.html?p2=%5ECRB%5Exdm171%5ETTAB02%5Ein&n=784951ea&st=tab&ptb=5F9CAB71-2D96-4CB2-8BB7-0E81160AB971&si=subid3&cwsid=pcmniihfmagioiohkgpenobechoemjpk (32)
Sep 17, 2019 14:31:12.65 [7136:2016:0917/143112.650:ERROR:CONSOLE(0)] "Blocked autofocusing on a form control in a cross-origin subframe.", source: https://hp.myway.com/propdfconverter/ttab02chr/index.html?p2=%5ECRB%5Exdm171%5ETTAB02%5Ein&n=784951ea&st=tab&ptb=5F9CAB71-2D96-4CB2-8BB7-0E81160AB971&si=subid3&cwsid=pcmniihfmagioiohkgpenobechoemjpk (0)
Sep 17, 2019 14:31:12.65 [7136:2016:0917/143112.650:ERROR:CONSOLE(0)] "Blocked autofocusing on a form control in a cross-origin subframe.", source: https://hp.myway.com/propdfconverter/ttab02chr/index.html?p2=%5ECRB%5Exdm171%5ETTAB02%5Ein&n=784951ea&st=tab&ptb=5F9CAB71-2D96-4CB2-8BB7-0E81160AB971&si=subid3&cwsid=pcmniihfmagioiohkgpenobechoemjpk (0)
Sep 17, 2019 14:31:12.95 [7136:2016:0917/143112.950:ERROR:CONSOLE(0)] "Blocked autofocusing on a form control in a cross-origin subframe.", source: https://hp.myway.com/propdfconverter/ttab02chr/index.html?p2=%5ECRB%5Exdm171%5ETTAB02%5Ein&n=784951ea&st=tab&ptb=5F9CAB71-2D96-4CB2-8BB7-0E81160AB971&si=subid3&cwsid=pcmniihfmagioiohkgpenobechoemjpk (0)
Sep 17, 2019 14:41:09.92 [7136:2016:0917/144109.923:ERROR:CONSOLE(32)] "Blocked autofocusing on a form control in a cross-origin subframe.", source: https://hp.myway.com/propdfconverter/ttab02chr/index.html?p2=%5ECRB%5Exdm171%5ETTAB02%5Ein&n=784951ea&st=tab&ptb=5F9CAB71-2D96-4CB2-8BB7-0E81160AB971&si=subid3&cwsid=pcmniihfmagioiohkgpenobechoemjpk (32)
Sep 17, 2019 14:41:09.97 [7136:2016:0917/144109.978:ERROR:CONSOLE(0)] "Blocked autofocusing on a form control in a cross-origin subframe.", source: https://hp.myway.com/propdfconverter/ttab02chr/index.html?p2=%5ECRB%5Exdm171%5ETTAB02%5Ein&n=784951ea&st=tab&ptb=5F9CAB71-2D96-4CB2-8BB7-0E81160AB971&si=subid3&cwsid=pcmniihfmagioiohkgpenobechoemjpk (0)
Sep 17, 2019 14:41:09.97 [7136:2016:0917/144109.978:ERROR:CONSOLE(0)] "Blocked autofocusing on a form control in a cross-origin subframe.", source: https://hp.myway.com/propdfconverter/ttab02chr/index.html?p2=%5ECRB%5Exdm171%5ETTAB02%5Ein&n=784951ea&st=tab&ptb=5F9CAB71-2D96-4CB2-8BB7-0E81160AB971&si=subid3&cwsid=pcmniihfmagioiohkgpenobechoemjpk (0)
Sep 17, 2019 14:41:09.97 [7136:2016:0917/144109.978:ERROR:CONSOLE(0)] "Blocked autofocusing on a form control in a cross-origin subframe.", source: https://hp.myway.com/propdfconverter/ttab02chr/index.html?p2=%5ECRB%5Exdm171%5ETTAB02%5Ein&n=784951ea&st=tab&ptb=5F9CAB71-2D96-4CB2-8BB7-0E81160AB971&si=subid3&cwsid=pcmniihfmagioiohkgpenobechoemjpk (0)
Sep 17, 2019 14:55:38.50 [7136:4684:0917/145538.507:ERROR:socket_stream.cc(219)] Closing stream with result -2
Sep 17, 2019 15:25:49.63 [7136:4684:0917/152549.639:ERROR:socket_stream.cc(219)] Closing stream with result -2
Sep 17, 2019 15:25:49.63 [7136:4684:0917/152549.639:ERROR:connection_factory_impl.cc(418)] Failed to connect to MCS endpoint with error -106
Sep 17, 2019 15:25:49.81 [7136:4684:0917/152549.811:ERROR:connection_factory_impl.cc(418)] Failed to connect to MCS endpoint with error -106
Sep 17, 2019 15:25:52.24 [7136:4684:0917/152552.247:ERROR:connection_factory_impl.cc(418)] Failed to connect to MCS endpoint with error -21
Sep 17, 2019 16:41:16.08 [7136:4684:0917/164116.085:ERROR:socket_stream.cc(219)] Closing stream with result -2
Sep 17, 2019 16:41:37.03 [7136:4684:0917/164137.037:ERROR:connection_factory_impl.cc(418)] Failed to connect to MCS endpoint with error -101
Sep 17, 2019 16:41:39.90 [7136:4684:0917/164139.901:ERROR:connection_factory_impl.cc(418)] Failed to connect to MCS endpoint with error -21
Sep 17, 2019 17:46:19.54 [7136:4684:0917/174619.541:ERROR:socket_stream.cc(219)] Closing stream with result -2

Sep 18, 2019 11:19:00.66 NEW SESSION
Sep 18, 2019 11:19:00.66 [4140:1128:0918/111900.663:ERROR:cache_util_win.cc(21)] Unable to move the cache: Access is denied. (0x5)
Sep 18, 2019 11:19:00.66 [4140:1128:0918/111900.664:ERROR:cache_util.cc(141)] Unable to move cache folder C:\Users\dell\AppData\Local\Google\Chrome\User Data\ShaderCache\GPUCache to C:\Users\dell\AppData\Local\Google\Chrome\User Data\ShaderCache\old_GPUCache_000
Sep 18, 2019 11:19:00.66 [4140:1128:0918/111900.664:ERROR:disk_cache.cc(178)] Unable to create cache
Sep 18, 2019 11:19:00.66 [4140:1128:0918/111900.664:ERROR:shader_disk_cache.cc(620)] Shader Cache Creation failed: -2
Sep 18, 2019 11:19:00.79 [5928:5932:0918/111900.663:ERROR:cache_util_win.cc(21)] Unable to move the cache: Access is denied. (0x5)
Sep 18, 2019 11:19:00.79 [5928:5932:0918/111900.798:ERROR:cache_util.cc(141)] Unable to move cache folder C:\Users\dell\AppData\Local\Google\Chrome\User Data\ShaderCache\GPUCache to C:\Users\dell\AppData\Local\Google\Chrome\User Data\ShaderCache\old_GPUCache_000
Sep 18, 2019 11:19:00.80 [5928:5932:0918/111900.800:ERROR:disk_cache.cc(178)] Unable to create cache
Sep 18, 2019 11:19:00.80 [5928:5932:0918/111900.800:ERROR:shader_disk_cache.cc(620)] Shader Cache Creation failed: -2
Sep 18, 2019 11:19:33.16 [5924:3908:0918/111933.169:ERROR:connection_factory_impl.cc(418)] Failed to connect to MCS endpoint with error -100
Sep 18, 2019 13:14:08.01 [5924:3908:0918/131408.016:ERROR:socket_stream.cc(219)] Closing stream with result -2
Sep 18, 2019 13:32:17.19 [5924:5964:0918/133217.194:ERROR:CONSOLE(32)] "Blocked autofocusing on a form control in a cross-origin subframe.", source: https://hp.myway.com/propdfconverter/ttab02chr/index.html?p2=%5ECRB%5Exdm171%5ETTAB02%5Ein&n=784951ea&st=tab&ptb=5F9CAB71-2D96-4CB2-8BB7-0E81160AB971&si=subid3&cwsid=pcmniihfmagioiohkgpenobechoemjpk (32)
Sep 18, 2019 13:32:17.26 [5924:5964:0918/133217.269:ERROR:CONSOLE(0)] "Blocked autofocusing on a form control in a cross-origin subframe.", source: https://hp.myway.com/propdfconverter/ttab02chr/index.html?p2=%5ECRB%5Exdm171%5ETTAB02%5Ein&n=784951ea&st=tab&ptb=5F9CAB71-2D96-4CB2-8BB7-0E81160AB971&si=subid3&cwsid=pcmniihfmagioiohkgpenobechoemjpk (0)
Sep 18, 2019 13:32:17.27 [5924:5964:0918/133217.269:ERROR:CONSOLE(0)] "Blocked autofocusing on a form control in a cross-origin subframe.", source: https://hp.myway.com/propdfconverter/ttab02chr/index.html?p2=%5ECRB%5Exdm171%5ETTAB02%5Ein&n=784951ea&st=tab&ptb=5F9CAB71-2D96-4CB2-8BB7-0E81160AB971&si=subid3&cwsid=pcmniihfmagioiohkgpenobechoemjpk (0)
Sep 18, 2019 13:32:17.30 [5924:5964:0918/133217.305:ERROR:CONSOLE(0)] "Blocked autofocusing on a form control in a cross-origin subframe.", source: https://hp.myway.com/propdfconverter/ttab02chr/index.html?p2=%5ECRB%5Exdm171%5ETTAB02%5Ein&n=784951ea&st=tab&ptb=5F9CAB71-2D96-4CB2-8BB7-0E81160AB971&si=subid3&cwsid=pcmniihfmagioiohkgpenobechoemjpk (0)
Sep 18, 2019 13:33:39.07 [5924:5964:0918/133339.077:ERROR:CONSOLE(32)] "Blocked autofocusing on a form control in a cross-origin subframe.", source: https://hp.myway.com/propdfconverter/ttab02chr/index.html?p2=%5ECRB%5Exdm171%5ETTAB02%5Ein&n=784951ea&st=tab&ptb=5F9CAB71-2D96-4CB2-8BB7-0E81160AB971&si=subid3&cwsid=pcmniihfmagioiohkgpenobechoemjpk (32)
Sep 18, 2019 13:33:39.11 [5924:5964:0918/133339.115:ERROR:CONSOLE(0)] "Blocked autofocusing on a form control in a cross-origin subframe.", source: https://hp.myway.com/propdfconverter/ttab02chr/index.html?p2=%5ECRB%5Exdm171%5ETTAB02%5Ein&n=784951ea&st=tab&ptb=5F9CAB71-2D96-4CB2-8BB7-0E81160AB971&si=subid3&cwsid=pcmniihfmagioiohkgpenobechoemjpk (0)
Sep 18, 2019 13:33:39.11 [5924:5964:0918/133339.115:ERROR:CONSOLE(0)] "Blocked autofocusing on a form control in a cross-origin subframe.", source: https://hp.myway.com/propdfconverter/ttab02chr/index.html?p2=%5ECRB%5Exdm171%5ETTAB02%5Ein&n=784951ea&st=tab&ptb=5F9CAB71-2D96-4CB2-8BB7-0E81160AB971&si=subid3&cwsid=pcmniihfmagioiohkgpenobechoemjpk (0)
Sep 18, 2019 13:33:39.14 [5924:5964:0918/133339.141:ERROR:CONSOLE(0)] "Blocked autofocusing on a form control in a cross-origin subframe.", source: https://hp.myway.com/propdfconverter/ttab02chr/index.html?p2=%5ECRB%5Exdm171%5ETTAB02%5Ein&n=784951ea&st=tab&ptb=5F9CAB71-2D96-4CB2-8BB7-0E81160AB971&si=subid3&cwsid=pcmniihfmagioiohkgpenobechoemjpk (0)
Sep 18, 2019 13:39:12.18 [5924:3908:0918/133912.183:ERROR:socket_stream.cc(219)] Closing stream with result -2
Sep 18, 2019 13:55:45.87 [5924:5964:0918/135545.871:ERROR:gcm_channel_status_request.cc(145)] GCM channel request failed.
Sep 18, 2019 13:55:45.89 [5924:3908:0918/135545.892:ERROR:connection_factory_impl.cc(418)] Failed to connect to MCS endpoint with error -106
Sep 18, 2019 14:02:03.50 [5924:5964:0918/140203.506:ERROR:CONSOLE(32)] "Blocked autofocusing on a form control in a cross-origin subframe.", source: https://hp.myway.com/propdfconverter/ttab02chr/index.html?p2=%5ECRB%5Exdm171%5ETTAB02%5Ein&n=784951ea&st=tab&ptb=5F9CAB71-2D96-4CB2-8BB7-0E81160AB971&si=subid3&cwsid=pcmniihfmagioiohkgpenobechoemjpk (32)
Sep 18, 2019 14:02:03.54 [5924:5964:0918/140203.544:ERROR:CONSOLE(0)] "Blocked autofocusing on a form control in a cross-origin subframe.", source: https://hp.myway.com/propdfconverter/ttab02chr/index.html?p2=%5ECRB%5Exdm171%5ETTAB02%5Ein&n=784951ea&st=tab&ptb=5F9CAB71-2D96-4CB2-8BB7-0E81160AB971&si=subid3&cwsid=pcmniihfmagioiohkgpenobechoemjpk (0)
Sep 18, 2019 14:02:03.54 [5924:5964:0918/140203.544:ERROR:CONSOLE(0)] "Blocked autofocusing on a form control in a cross-origin subframe.", source: https://hp.myway.com/propdfconverter/ttab02chr/index.html?p2=%5ECRB%5Exdm171%5ETTAB02%5Ein&n=784951ea&st=tab&ptb=5F9CAB71-2D96-4CB2-8BB7-0E81160AB971&si=subid3&cwsid=pcmniihfmagioiohkgpenobechoemjpk (0)
Sep 18, 2019 14:02:03.57 [5924:5964:0918/140203.577:ERROR:CONSOLE(0)] "Blocked autofocusing on a form control in a cross-origin subframe.", source: https://hp.myway.com/propdfconverter/ttab02chr/index.html?p2=%5ECRB%5Exdm171%5ETTAB02%5Ein&n=784951ea&st=tab&ptb=5F9CAB71-2D96-4CB2-8BB7-0E81160AB971&si=subid3&cwsid=pcmniihfmagioiohkgpenobechoemjpk (0)
Sep 18, 2019 14:14:57.24 [5924:5964:0918/141457.210:ERROR:CONSOLE(32)] "Blocked autofocusing on a form control in a cross-origin subframe.", source: https://hp.myway.com/propdfconverter/ttab02chr/index.html?p2=%5ECRB%5Exdm171%5ETTAB02%5Ein&n=784951ea&st=tab&ptb=5F9CAB71-2D96-4CB2-8BB7-0E81160AB971&si=subid3&cwsid=pcmniihfmagioiohkgpenobechoemjpk (32)
Sep 18, 2019 14:14:57.26 [5924:5964:0918/141457.267:ERROR:CONSOLE(0)] "Blocked autofocusing on a form control in a cross-origin subframe.", source: https://hp.myway.com/propdfconverter/ttab02chr/index.html?p2=%5ECRB%5Exdm171%5ETTAB02%5Ein&n=784951ea&st=tab&ptb=5F9CAB71-2D96-4CB2-8BB7-0E81160AB971&si=subid3&cwsid=pcmniihfmagioiohkgpenobechoemjpk (0)
Sep 18, 2019 14:14:57.28 [5924:5964:0918/141457.287:ERROR:CONSOLE(0)] "Blocked autofocusing on a form control in a cross-origin subframe.", source: https://hp.myway.com/propdfconverter/ttab02chr/index.html?p2=%5ECRB%5Exdm171%5ETTAB02%5Ein&n=784951ea&st=tab&ptb=5F9CAB71-2D96-4CB2-8BB7-0E81160AB971&si=subid3&cwsid=pcmniihfmagioiohkgpenobechoemjpk (0)
Sep 18, 2019 14:14:57.28 [5924:5964:0918/141457.288:ERROR:CONSOLE(0)] "Blocked autofocusing on a form control in a cross-origin subframe.", source: https://hp.myway.com/propdfconverter/ttab02chr/index.html?p2=%5ECRB%5Exdm171%5ETTAB02%5Ein&n=784951ea&st=tab&ptb=5F9CAB71-2D96-4CB2-8BB7-0E81160AB971&si=subid3&cwsid=pcmniihfmagioiohkgpenobechoemjpk (0)
Sep 18, 2019 14:14:57.32 [5924:5964:0918/141457.320:ERROR:CONSOLE(0)] "Blocked autofocusing on a form control in a cross-origin subframe.", source: https://hp.myway.com/propdfconverter/ttab02chr/index.html?p2=%5ECRB%5Exdm171%5ETTAB02%5Ein&n=784951ea&st=tab&ptb=5F9CAB71-2D96-4CB2-8BB7-0E81160AB971&si=subid3&cwsid=pcmniihfmagioiohkgpenobechoemjpk (0)
Sep 18, 2019 14:22:32.68 [5924:3908:0918/142232.681:ERROR:socket_stream.cc(219)] Closing stream with result -2
Sep 18, 2019 16:54:40.96 [5924:6048:0918/165440.967:ERROR:webrtc_event_log_manager_remote.cc(408)] Session ID already set.
